

Started GET "/assets/rails.png" for 127.0.0.1 at 2012-07-13 06:33:14 +0200
Connecting to database specified by database.yml
Served asset /rails.png - 200 OK (65ms)


Started GET "/assets/rails.png" for 127.0.0.1 at 2012-07-13 06:34:09 +0200
Served asset /rails.png - 304 Not Modified (0ms)


Started GET "/" for 127.0.0.1 at 2012-07-13 06:34:58 +0200

ActionController::RoutingError (No route matches [GET] "/"):
  actionpack (3.2.6) lib/action_dispatch/middleware/debug_exceptions.rb:21:in `call'
  actionpack (3.2.6) lib/action_dispatch/middleware/show_exceptions.rb:56:in `call'
  railties (3.2.6) lib/rails/rack/logger.rb:26:in `call_app'
  railties (3.2.6) lib/rails/rack/logger.rb:16:in `call'
  actionpack (3.2.6) lib/action_dispatch/middleware/request_id.rb:22:in `call'
  rack (1.4.1) lib/rack/methodoverride.rb:21:in `call'
  rack (1.4.1) lib/rack/runtime.rb:17:in `call'
  activesupport (3.2.6) lib/active_support/cache/strategy/local_cache.rb:72:in `call'
  rack (1.4.1) lib/rack/lock.rb:15:in `call'
  actionpack (3.2.6) lib/action_dispatch/middleware/static.rb:62:in `call'
  railties (3.2.6) lib/rails/engine.rb:479:in `call'
  railties (3.2.6) lib/rails/application.rb:220:in `call'
  rack (1.4.1) lib/rack/content_length.rb:14:in `call'
  railties (3.2.6) lib/rails/rack/log_tailer.rb:17:in `call'
  rack (1.4.1) lib/rack/handler/webrick.rb:59:in `service'
  /home/ciges/.rvm/rubies/ruby-1.9.3-p194/lib/ruby/1.9.1/webrick/httpserver.rb:138:in `service'
  /home/ciges/.rvm/rubies/ruby-1.9.3-p194/lib/ruby/1.9.1/webrick/httpserver.rb:94:in `run'
  /home/ciges/.rvm/rubies/ruby-1.9.3-p194/lib/ruby/1.9.1/webrick/server.rb:191:in `block in start_thread'


  Rendered /home/ciges/.rvm/gems/ruby-1.9.3-p194/gems/actionpack-3.2.6/lib/action_dispatch/middleware/templates/rescues/routing_error.erb within rescues/layout (62.0ms)
Connecting to database specified by database.yml
Connecting to database specified by database.yml
  [1m[36m (0.3ms)[0m  [1mselect sqlite_version(*)[0m
  [1m[35m (185.7ms)[0m  CREATE TABLE "schema_migrations" ("version" varchar(255) NOT NULL) 
  [1m[36m (0.1ms)[0m  [1mPRAGMA index_list("schema_migrations")[0m
  [1m[35m (158.7ms)[0m  CREATE UNIQUE INDEX "unique_schema_migrations" ON "schema_migrations" ("version")
  [1m[36m (0.3ms)[0m  [1mSELECT "schema_migrations"."version" FROM "schema_migrations" [0m
Migrating to CreatePosts (20120713044249)
  [1m[35m (0.1ms)[0m  begin transaction
  [1m[36m (1.1ms)[0m  [1mCREATE TABLE "posts" ("id" INTEGER PRIMARY KEY AUTOINCREMENT NOT NULL, "title" varchar(255), "content" text, "created_at" datetime NOT NULL, "updated_at" datetime NOT NULL) [0m
  [1m[35m (0.3ms)[0m  INSERT INTO "schema_migrations" ("version") VALUES ('20120713044249')
  [1m[36m (189.2ms)[0m  [1mcommit transaction[0m
  [1m[35m (0.7ms)[0m  select sqlite_version(*)
  [1m[36m (0.2ms)[0m  [1mSELECT "schema_migrations"."version" FROM "schema_migrations" [0m
  [1m[35m (0.1ms)[0m  PRAGMA index_list("posts")


Started GET "/" for 127.0.0.1 at 2012-07-13 06:55:00 +0200

ActionController::RoutingError (No route matches [GET] "/"):
  actionpack (3.2.6) lib/action_dispatch/middleware/debug_exceptions.rb:21:in `call'
  actionpack (3.2.6) lib/action_dispatch/middleware/show_exceptions.rb:56:in `call'
  railties (3.2.6) lib/rails/rack/logger.rb:26:in `call_app'
  railties (3.2.6) lib/rails/rack/logger.rb:16:in `call'
  actionpack (3.2.6) lib/action_dispatch/middleware/request_id.rb:22:in `call'
  rack (1.4.1) lib/rack/methodoverride.rb:21:in `call'
  rack (1.4.1) lib/rack/runtime.rb:17:in `call'
  activesupport (3.2.6) lib/active_support/cache/strategy/local_cache.rb:72:in `call'
  rack (1.4.1) lib/rack/lock.rb:15:in `call'
  actionpack (3.2.6) lib/action_dispatch/middleware/static.rb:62:in `call'
  railties (3.2.6) lib/rails/engine.rb:479:in `call'
  railties (3.2.6) lib/rails/application.rb:220:in `call'
  rack (1.4.1) lib/rack/content_length.rb:14:in `call'
  railties (3.2.6) lib/rails/rack/log_tailer.rb:17:in `call'
  rack (1.4.1) lib/rack/handler/webrick.rb:59:in `service'
  /home/ciges/.rvm/rubies/ruby-1.9.3-p194/lib/ruby/1.9.1/webrick/httpserver.rb:138:in `service'
  /home/ciges/.rvm/rubies/ruby-1.9.3-p194/lib/ruby/1.9.1/webrick/httpserver.rb:94:in `run'
  /home/ciges/.rvm/rubies/ruby-1.9.3-p194/lib/ruby/1.9.1/webrick/server.rb:191:in `block in start_thread'


  Rendered /home/ciges/.rvm/gems/ruby-1.9.3-p194/gems/actionpack-3.2.6/lib/action_dispatch/middleware/templates/rescues/routing_error.erb within rescues/layout (5.8ms)


Started GET "/" for 127.0.0.1 at 2012-07-13 06:55:54 +0200

ActionController::RoutingError (No route matches [GET] "/"):
  actionpack (3.2.6) lib/action_dispatch/middleware/debug_exceptions.rb:21:in `call'
  actionpack (3.2.6) lib/action_dispatch/middleware/show_exceptions.rb:56:in `call'
  railties (3.2.6) lib/rails/rack/logger.rb:26:in `call_app'
  railties (3.2.6) lib/rails/rack/logger.rb:16:in `call'
  actionpack (3.2.6) lib/action_dispatch/middleware/request_id.rb:22:in `call'
  rack (1.4.1) lib/rack/methodoverride.rb:21:in `call'
  rack (1.4.1) lib/rack/runtime.rb:17:in `call'
  activesupport (3.2.6) lib/active_support/cache/strategy/local_cache.rb:72:in `call'
  rack (1.4.1) lib/rack/lock.rb:15:in `call'
  actionpack (3.2.6) lib/action_dispatch/middleware/static.rb:62:in `call'
  railties (3.2.6) lib/rails/engine.rb:479:in `call'
  railties (3.2.6) lib/rails/application.rb:220:in `call'
  rack (1.4.1) lib/rack/content_length.rb:14:in `call'
  railties (3.2.6) lib/rails/rack/log_tailer.rb:17:in `call'
  rack (1.4.1) lib/rack/handler/webrick.rb:59:in `service'
  /home/ciges/.rvm/rubies/ruby-1.9.3-p194/lib/ruby/1.9.1/webrick/httpserver.rb:138:in `service'
  /home/ciges/.rvm/rubies/ruby-1.9.3-p194/lib/ruby/1.9.1/webrick/httpserver.rb:94:in `run'
  /home/ciges/.rvm/rubies/ruby-1.9.3-p194/lib/ruby/1.9.1/webrick/server.rb:191:in `block in start_thread'


  Rendered /home/ciges/.rvm/gems/ruby-1.9.3-p194/gems/actionpack-3.2.6/lib/action_dispatch/middleware/templates/rescues/routing_error.erb within rescues/layout (1.7ms)


Started GET "/posts" for 127.0.0.1 at 2012-07-13 06:55:58 +0200
Processing by PostsController#index as HTML
  [1m[36mPost Load (0.3ms)[0m  [1mSELECT "posts".* FROM "posts" [0m
Completed 500 Internal Server Error in 237ms

ActionView::MissingTemplate (Missing template posts/index, application/index with {:locale=>[:en], :formats=>[:html], :handlers=>[:erb, :builder, :coffee]}. Searched in:
  * "/home/ciges/MSWL/Ejercicios/Ruby/blog/app/views"
):
  actionpack (3.2.6) lib/action_view/path_set.rb:58:in `find'
  actionpack (3.2.6) lib/action_view/lookup_context.rb:109:in `find'
  actionpack (3.2.6) lib/action_view/renderer/abstract_renderer.rb:3:in `find_template'
  actionpack (3.2.6) lib/action_view/renderer/template_renderer.rb:34:in `determine_template'
  actionpack (3.2.6) lib/action_view/renderer/template_renderer.rb:10:in `render'
  actionpack (3.2.6) lib/action_view/renderer/renderer.rb:36:in `render_template'
  actionpack (3.2.6) lib/action_view/renderer/renderer.rb:17:in `render'
  actionpack (3.2.6) lib/abstract_controller/rendering.rb:110:in `_render_template'
  actionpack (3.2.6) lib/action_controller/metal/streaming.rb:225:in `_render_template'
  actionpack (3.2.6) lib/abstract_controller/rendering.rb:103:in `render_to_body'
  actionpack (3.2.6) lib/action_controller/metal/renderers.rb:28:in `render_to_body'
  actionpack (3.2.6) lib/action_controller/metal/compatibility.rb:50:in `render_to_body'
  actionpack (3.2.6) lib/abstract_controller/rendering.rb:88:in `render'
  actionpack (3.2.6) lib/action_controller/metal/rendering.rb:16:in `render'
  actionpack (3.2.6) lib/action_controller/metal/instrumentation.rb:40:in `block (2 levels) in render'
  activesupport (3.2.6) lib/active_support/core_ext/benchmark.rb:5:in `block in ms'
  /home/ciges/.rvm/rubies/ruby-1.9.3-p194/lib/ruby/1.9.1/benchmark.rb:295:in `realtime'
  activesupport (3.2.6) lib/active_support/core_ext/benchmark.rb:5:in `ms'
  actionpack (3.2.6) lib/action_controller/metal/instrumentation.rb:40:in `block in render'
  actionpack (3.2.6) lib/action_controller/metal/instrumentation.rb:83:in `cleanup_view_runtime'
  activerecord (3.2.6) lib/active_record/railties/controller_runtime.rb:24:in `cleanup_view_runtime'
  actionpack (3.2.6) lib/action_controller/metal/instrumentation.rb:39:in `render'
  actionpack (3.2.6) lib/action_controller/metal/implicit_render.rb:10:in `default_render'
  actionpack (3.2.6) lib/action_controller/metal/implicit_render.rb:5:in `send_action'
  actionpack (3.2.6) lib/abstract_controller/base.rb:167:in `process_action'
  actionpack (3.2.6) lib/action_controller/metal/rendering.rb:10:in `process_action'
  actionpack (3.2.6) lib/abstract_controller/callbacks.rb:18:in `block in process_action'
  activesupport (3.2.6) lib/active_support/callbacks.rb:414:in `_run__758685622__process_action__276538793__callbacks'
  activesupport (3.2.6) lib/active_support/callbacks.rb:405:in `__run_callback'
  activesupport (3.2.6) lib/active_support/callbacks.rb:385:in `_run_process_action_callbacks'
  activesupport (3.2.6) lib/active_support/callbacks.rb:81:in `run_callbacks'
  actionpack (3.2.6) lib/abstract_controller/callbacks.rb:17:in `process_action'
  actionpack (3.2.6) lib/action_controller/metal/rescue.rb:29:in `process_action'
  actionpack (3.2.6) lib/action_controller/metal/instrumentation.rb:30:in `block in process_action'
  activesupport (3.2.6) lib/active_support/notifications.rb:123:in `block in instrument'
  activesupport (3.2.6) lib/active_support/notifications/instrumenter.rb:20:in `instrument'
  activesupport (3.2.6) lib/active_support/notifications.rb:123:in `instrument'
  actionpack (3.2.6) lib/action_controller/metal/instrumentation.rb:29:in `process_action'
  actionpack (3.2.6) lib/action_controller/metal/params_wrapper.rb:206:in `process_action'
  activerecord (3.2.6) lib/active_record/railties/controller_runtime.rb:18:in `process_action'
  actionpack (3.2.6) lib/abstract_controller/base.rb:121:in `process'
  actionpack (3.2.6) lib/abstract_controller/rendering.rb:45:in `process'
  actionpack (3.2.6) lib/action_controller/metal.rb:203:in `dispatch'
  actionpack (3.2.6) lib/action_controller/metal/rack_delegation.rb:14:in `dispatch'
  actionpack (3.2.6) lib/action_controller/metal.rb:246:in `block in action'
  actionpack (3.2.6) lib/action_dispatch/routing/route_set.rb:73:in `call'
  actionpack (3.2.6) lib/action_dispatch/routing/route_set.rb:73:in `dispatch'
  actionpack (3.2.6) lib/action_dispatch/routing/route_set.rb:36:in `call'
  journey (1.0.4) lib/journey/router.rb:68:in `block in call'
  journey (1.0.4) lib/journey/router.rb:56:in `each'
  journey (1.0.4) lib/journey/router.rb:56:in `call'
  actionpack (3.2.6) lib/action_dispatch/routing/route_set.rb:600:in `call'
  actionpack (3.2.6) lib/action_dispatch/middleware/best_standards_support.rb:17:in `call'
  rack (1.4.1) lib/rack/etag.rb:23:in `call'
  rack (1.4.1) lib/rack/conditionalget.rb:25:in `call'
  actionpack (3.2.6) lib/action_dispatch/middleware/head.rb:14:in `call'
  actionpack (3.2.6) lib/action_dispatch/middleware/params_parser.rb:21:in `call'
  actionpack (3.2.6) lib/action_dispatch/middleware/flash.rb:242:in `call'
  rack (1.4.1) lib/rack/session/abstract/id.rb:205:in `context'
  rack (1.4.1) lib/rack/session/abstract/id.rb:200:in `call'
  actionpack (3.2.6) lib/action_dispatch/middleware/cookies.rb:338:in `call'
  activerecord (3.2.6) lib/active_record/query_cache.rb:64:in `call'
  activerecord (3.2.6) lib/active_record/connection_adapters/abstract/connection_pool.rb:473:in `call'
  actionpack (3.2.6) lib/action_dispatch/middleware/callbacks.rb:28:in `block in call'
  activesupport (3.2.6) lib/active_support/callbacks.rb:405:in `_run__552456576__call__503253970__callbacks'
  activesupport (3.2.6) lib/active_support/callbacks.rb:405:in `__run_callback'
  activesupport (3.2.6) lib/active_support/callbacks.rb:385:in `_run_call_callbacks'
  activesupport (3.2.6) lib/active_support/callbacks.rb:81:in `run_callbacks'
  actionpack (3.2.6) lib/action_dispatch/middleware/callbacks.rb:27:in `call'
  actionpack (3.2.6) lib/action_dispatch/middleware/reloader.rb:65:in `call'
  actionpack (3.2.6) lib/action_dispatch/middleware/remote_ip.rb:31:in `call'
  actionpack (3.2.6) lib/action_dispatch/middleware/debug_exceptions.rb:16:in `call'
  actionpack (3.2.6) lib/action_dispatch/middleware/show_exceptions.rb:56:in `call'
  railties (3.2.6) lib/rails/rack/logger.rb:26:in `call_app'
  railties (3.2.6) lib/rails/rack/logger.rb:16:in `call'
  actionpack (3.2.6) lib/action_dispatch/middleware/request_id.rb:22:in `call'
  rack (1.4.1) lib/rack/methodoverride.rb:21:in `call'
  rack (1.4.1) lib/rack/runtime.rb:17:in `call'
  activesupport (3.2.6) lib/active_support/cache/strategy/local_cache.rb:72:in `call'
  rack (1.4.1) lib/rack/lock.rb:15:in `call'
  actionpack (3.2.6) lib/action_dispatch/middleware/static.rb:62:in `call'
  railties (3.2.6) lib/rails/engine.rb:479:in `call'
  railties (3.2.6) lib/rails/application.rb:220:in `call'
  rack (1.4.1) lib/rack/content_length.rb:14:in `call'
  railties (3.2.6) lib/rails/rack/log_tailer.rb:17:in `call'
  rack (1.4.1) lib/rack/handler/webrick.rb:59:in `service'
  /home/ciges/.rvm/rubies/ruby-1.9.3-p194/lib/ruby/1.9.1/webrick/httpserver.rb:138:in `service'
  /home/ciges/.rvm/rubies/ruby-1.9.3-p194/lib/ruby/1.9.1/webrick/httpserver.rb:94:in `run'
  /home/ciges/.rvm/rubies/ruby-1.9.3-p194/lib/ruby/1.9.1/webrick/server.rb:191:in `block in start_thread'


  Rendered /home/ciges/.rvm/gems/ruby-1.9.3-p194/gems/actionpack-3.2.6/lib/action_dispatch/middleware/templates/rescues/missing_template.erb within rescues/layout (1.3ms)


Started GET "/posts" for 127.0.0.1 at 2012-07-13 06:57:23 +0200
Processing by PostsController#index as HTML
  [1m[35mPost Load (0.5ms)[0m  SELECT "posts".* FROM "posts" 
  Rendered posts/index.html.erb within layouts/application (0.9ms)
Compiled posts.css  (68ms)  (pid 3535)
Compiled application.css  (93ms)  (pid 3535)
Compiled jquery.js  (9ms)  (pid 3535)
Compiled jquery_ujs.js  (1ms)  (pid 3535)
Compiled posts.js  (1067ms)  (pid 3535)
Compiled application.js  (1277ms)  (pid 3535)
Completed 200 OK in 1684ms (Views: 1682.5ms | ActiveRecord: 0.5ms)


Started GET "/assets/application.css?body=1" for 127.0.0.1 at 2012-07-13 06:57:25 +0200
Served asset /application.css - 200 OK (42ms)


Started GET "/assets/posts.css?body=1" for 127.0.0.1 at 2012-07-13 06:57:25 +0200
Served asset /posts.css - 200 OK (13ms)


Started GET "/assets/jquery.js?body=1" for 127.0.0.1 at 2012-07-13 06:57:25 +0200
Served asset /jquery.js - 200 OK (22ms)


Started GET "/assets/application.js?body=1" for 127.0.0.1 at 2012-07-13 06:57:25 +0200
Served asset /application.js - 200 OK (29ms)


Started GET "/assets/posts.js?body=1" for 127.0.0.1 at 2012-07-13 06:57:25 +0200
Served asset /posts.js - 200 OK (8ms)


Started GET "/assets/jquery_ujs.js?body=1" for 127.0.0.1 at 2012-07-13 06:57:25 +0200
Served asset /jquery_ujs.js - 200 OK (14ms)


Started GET "/posts" for 127.0.0.1 at 2012-07-13 06:57:38 +0200
Processing by PostsController#index as HTML
  [1m[36mPost Load (0.4ms)[0m  [1mSELECT "posts".* FROM "posts" [0m
  Rendered posts/index.html.erb within layouts/application (6.7ms)
Completed 200 OK in 46ms (Views: 44.3ms | ActiveRecord: 0.4ms)


Started GET "/assets/application.css?body=1" for 127.0.0.1 at 2012-07-13 06:57:39 +0200
Served asset /application.css - 304 Not Modified (6ms)


Started GET "/assets/posts.css?body=1" for 127.0.0.1 at 2012-07-13 06:57:39 +0200
Served asset /posts.css - 304 Not Modified (0ms)


Started GET "/assets/jquery.js?body=1" for 127.0.0.1 at 2012-07-13 06:57:39 +0200
Served asset /jquery.js - 304 Not Modified (7ms)


Started GET "/assets/jquery_ujs.js?body=1" for 127.0.0.1 at 2012-07-13 06:57:39 +0200
Served asset /jquery_ujs.js - 304 Not Modified (0ms)


Started GET "/assets/posts.js?body=1" for 127.0.0.1 at 2012-07-13 06:57:39 +0200
Served asset /posts.js - 304 Not Modified (0ms)


Started GET "/assets/application.js?body=1" for 127.0.0.1 at 2012-07-13 06:57:39 +0200
Served asset /application.js - 304 Not Modified (8ms)
Connecting to database specified by database.yml


Started GET "/posts" for 127.0.0.1 at 2012-07-13 07:06:06 +0200
Processing by PostsController#index as HTML
  [1m[35mPost Load (0.5ms)[0m  SELECT "posts".* FROM "posts" 
  Rendered posts/index.html.erb within layouts/application (0.1ms)
Completed 200 OK in 49ms (Views: 15.6ms | ActiveRecord: 0.5ms)


Started GET "/assets/application.css?body=1" for 127.0.0.1 at 2012-07-13 07:06:06 +0200
Served asset /application.css - 304 Not Modified (60ms)


Started GET "/assets/application.js?body=1" for 127.0.0.1 at 2012-07-13 07:06:06 +0200
Served asset /application.js - 304 Not Modified (8ms)


Started GET "/assets/posts.js?body=1" for 127.0.0.1 at 2012-07-13 07:06:06 +0200
Served asset /posts.js - 304 Not Modified (0ms)


Started GET "/assets/jquery_ujs.js?body=1" for 127.0.0.1 at 2012-07-13 07:06:06 +0200
Served asset /jquery_ujs.js - 304 Not Modified (0ms)


Started GET "/assets/jquery.js?body=1" for 127.0.0.1 at 2012-07-13 07:06:06 +0200
Served asset /jquery.js - 304 Not Modified (8ms)


Started GET "/assets/posts.css?body=1" for 127.0.0.1 at 2012-07-13 07:06:06 +0200
Served asset /posts.css - 304 Not Modified (0ms)


Started GET "/posts" for 127.0.0.1 at 2012-07-13 07:07:12 +0200
Processing by PostsController#index as HTML
  [1m[36mPost Load (0.3ms)[0m  [1mSELECT "posts".* FROM "posts" [0m
  Rendered posts/index.html.erb within layouts/application (0.1ms)
Completed 200 OK in 49ms (Views: 15.1ms | ActiveRecord: 1.6ms)


Started GET "/assets/application.css?body=1" for 127.0.0.1 at 2012-07-13 07:07:13 +0200
Served asset /application.css - 304 Not Modified (1ms)


Started GET "/assets/posts.js?body=1" for 127.0.0.1 at 2012-07-13 07:07:13 +0200
Served asset /posts.js - 304 Not Modified (22ms)


Started GET "/assets/jquery_ujs.js?body=1" for 127.0.0.1 at 2012-07-13 07:07:13 +0200
Served asset /jquery_ujs.js - 304 Not Modified (3ms)


Started GET "/assets/jquery.js?body=1" for 127.0.0.1 at 2012-07-13 07:07:13 +0200
Served asset /jquery.js - 304 Not Modified (2ms)


Started GET "/assets/application.js?body=1" for 127.0.0.1 at 2012-07-13 07:07:13 +0200
Served asset /application.js - 304 Not Modified (12ms)


Started GET "/assets/posts.css?body=1" for 127.0.0.1 at 2012-07-13 07:07:13 +0200
Served asset /posts.css - 304 Not Modified (3ms)


Started GET "/posts" for 127.0.0.1 at 2012-07-13 07:07:15 +0200
Processing by PostsController#index as HTML
  [1m[35mPost Load (0.5ms)[0m  SELECT "posts".* FROM "posts" 
  Rendered posts/index.html.erb within layouts/application (0.1ms)
Completed 200 OK in 28ms (Views: 25.8ms | ActiveRecord: 0.5ms)


Started GET "/assets/application.css?body=1" for 127.0.0.1 at 2012-07-13 07:07:15 +0200
Served asset /application.css - 304 Not Modified (49ms)


Started GET "/assets/application.js?body=1" for 127.0.0.1 at 2012-07-13 07:07:15 +0200
Served asset /application.js - 304 Not Modified (9ms)


Started GET "/assets/posts.js?body=1" for 127.0.0.1 at 2012-07-13 07:07:15 +0200
Served asset /posts.js - 304 Not Modified (0ms)


Started GET "/assets/jquery_ujs.js?body=1" for 127.0.0.1 at 2012-07-13 07:07:15 +0200
Served asset /jquery_ujs.js - 304 Not Modified (4ms)


Started GET "/assets/jquery.js?body=1" for 127.0.0.1 at 2012-07-13 07:07:15 +0200
Served asset /jquery.js - 304 Not Modified (2ms)


Started GET "/assets/posts.css?body=1" for 127.0.0.1 at 2012-07-13 07:07:15 +0200
Served asset /posts.css - 304 Not Modified (3ms)


Started GET "/posts" for 127.0.0.1 at 2012-07-13 07:10:26 +0200
Processing by PostsController#index as HTML
  [1m[36mPost Load (0.4ms)[0m  [1mSELECT "posts".* FROM "posts" [0m
  Rendered posts/index.html.erb within layouts/application (32.2ms)
Completed 500 Internal Server Error in 46ms

ActionView::Template::Error (undefined local variable or method `post' for #<#<Class:0xb6dbf6f8>:0x9fa65dc>):
    4:   </p>
    5: <% else %>
    6:   <!-- here be posts -->
    7:   <h2><%= link_to post.title, post %></h2>
    8: <% end %> 
  app/views/posts/index.html.erb:7:in `_app_views_posts_index_html_erb___639579974_83701370'


  Rendered /home/ciges/.rvm/gems/ruby-1.9.3-p194/gems/actionpack-3.2.6/lib/action_dispatch/middleware/templates/rescues/_trace.erb (20.3ms)
  Rendered /home/ciges/.rvm/gems/ruby-1.9.3-p194/gems/actionpack-3.2.6/lib/action_dispatch/middleware/templates/rescues/_request_and_response.erb (3.3ms)
  Rendered /home/ciges/.rvm/gems/ruby-1.9.3-p194/gems/actionpack-3.2.6/lib/action_dispatch/middleware/templates/rescues/template_error.erb within rescues/layout (57.2ms)


Started GET "/posts" for 127.0.0.1 at 2012-07-13 07:18:31 +0200
Processing by PostsController#index as HTML
  [1m[35mPost Load (0.1ms)[0m  SELECT "posts".* FROM "posts" 
  Rendered posts/index.html.erb within layouts/application (2.2ms)
Completed 200 OK in 63ms (Views: 53.1ms | ActiveRecord: 1.0ms)


Started GET "/assets/application.css?body=1" for 127.0.0.1 at 2012-07-13 07:18:31 +0200
Served asset /application.css - 304 Not Modified (0ms)


Started GET "/assets/application.js?body=1" for 127.0.0.1 at 2012-07-13 07:18:31 +0200
Served asset /application.js - 304 Not Modified (36ms)


Started GET "/assets/posts.js?body=1" for 127.0.0.1 at 2012-07-13 07:18:31 +0200
Served asset /posts.js - 304 Not Modified (0ms)


Started GET "/assets/jquery_ujs.js?body=1" for 127.0.0.1 at 2012-07-13 07:18:31 +0200
Served asset /jquery_ujs.js - 304 Not Modified (0ms)


Started GET "/assets/jquery.js?body=1" for 127.0.0.1 at 2012-07-13 07:18:31 +0200
Served asset /jquery.js - 304 Not Modified (4ms)


Started GET "/assets/posts.css?body=1" for 127.0.0.1 at 2012-07-13 07:18:31 +0200
Served asset /posts.css - 304 Not Modified (0ms)


Started GET "/posts" for 127.0.0.1 at 2012-07-13 07:25:15 +0200
Processing by PostsController#index as HTML
  [1m[36mPost Load (0.3ms)[0m  [1mSELECT "posts".* FROM "posts" [0m
  Rendered posts/_post.html.erb (4.9ms)
  Rendered posts/index.html.erb within layouts/application (39.3ms)
Completed 200 OK in 52ms (Views: 50.4ms | ActiveRecord: 0.3ms)


Started GET "/assets/application.css?body=1" for 127.0.0.1 at 2012-07-13 07:25:15 +0200
Served asset /application.css - 304 Not Modified (4ms)


Started GET "/assets/application.js?body=1" for 127.0.0.1 at 2012-07-13 07:25:15 +0200
Served asset /application.js - 304 Not Modified (1ms)


Started GET "/assets/posts.js?body=1" for 127.0.0.1 at 2012-07-13 07:25:15 +0200
Served asset /posts.js - 304 Not Modified (0ms)


Started GET "/assets/jquery_ujs.js?body=1" for 127.0.0.1 at 2012-07-13 07:25:15 +0200
Served asset /jquery_ujs.js - 304 Not Modified (0ms)


Started GET "/assets/jquery.js?body=1" for 127.0.0.1 at 2012-07-13 07:25:15 +0200
Served asset /jquery.js - 304 Not Modified (1ms)


Started GET "/assets/posts.css?body=1" for 127.0.0.1 at 2012-07-13 07:25:15 +0200
Served asset /posts.css - 304 Not Modified (0ms)


Started GET "/posts" for 127.0.0.1 at 2012-07-13 07:25:17 +0200
Processing by PostsController#index as HTML
  [1m[35mPost Load (0.3ms)[0m  SELECT "posts".* FROM "posts" 
  Rendered posts/_post.html.erb (1.2ms)
  Rendered posts/index.html.erb within layouts/application (2.6ms)
Completed 200 OK in 20ms (Views: 19.1ms | ActiveRecord: 0.3ms)


Started GET "/assets/application.css?body=1" for 127.0.0.1 at 2012-07-13 07:25:17 +0200
Served asset /application.css - 304 Not Modified (0ms)


Started GET "/assets/application.js?body=1" for 127.0.0.1 at 2012-07-13 07:25:17 +0200
Served asset /application.js - 304 Not Modified (1ms)


Started GET "/assets/posts.js?body=1" for 127.0.0.1 at 2012-07-13 07:25:17 +0200
Served asset /posts.js - 304 Not Modified (0ms)


Started GET "/assets/jquery_ujs.js?body=1" for 127.0.0.1 at 2012-07-13 07:25:17 +0200
Served asset /jquery_ujs.js - 304 Not Modified (0ms)


Started GET "/assets/jquery.js?body=1" for 127.0.0.1 at 2012-07-13 07:25:17 +0200
Served asset /jquery.js - 304 Not Modified (1ms)


Started GET "/assets/posts.css?body=1" for 127.0.0.1 at 2012-07-13 07:25:17 +0200
Served asset /posts.css - 304 Not Modified (0ms)


Started GET "/posts/1" for 127.0.0.1 at 2012-07-13 07:25:19 +0200
Processing by PostsController#show as HTML
  Parameters: {"id"=>"1"}
  [1m[36mPost Load (0.4ms)[0m  [1mSELECT "posts".* FROM "posts" WHERE "posts"."id" = ? LIMIT 1[0m  [["id", "1"]]
  Rendered posts/show.html.erb within layouts/application (1.5ms)
Completed 500 Internal Server Error in 17ms

ActionView::Template::Error ('nil' is not an ActiveModel-compatible object that returns a valid partial path.):
    1: <%= render @posts %>
    2: <%= link_to 'All posts', posts_path %>
  app/views/posts/show.html.erb:1:in `_app_views_posts_show_html_erb___112873098_84726750'


  Rendered /home/ciges/.rvm/gems/ruby-1.9.3-p194/gems/actionpack-3.2.6/lib/action_dispatch/middleware/templates/rescues/_trace.erb (11.3ms)
  Rendered /home/ciges/.rvm/gems/ruby-1.9.3-p194/gems/actionpack-3.2.6/lib/action_dispatch/middleware/templates/rescues/_request_and_response.erb (1.5ms)
  Rendered /home/ciges/.rvm/gems/ruby-1.9.3-p194/gems/actionpack-3.2.6/lib/action_dispatch/middleware/templates/rescues/template_error.erb within rescues/layout (36.7ms)


Started GET "/posts/1" for 127.0.0.1 at 2012-07-13 07:25:46 +0200
Processing by PostsController#show as HTML
  Parameters: {"id"=>"1"}
  [1m[35mPost Load (0.2ms)[0m  SELECT "posts".* FROM "posts" WHERE "posts"."id" = ? LIMIT 1  [["id", "1"]]
  Rendered posts/show.html.erb within layouts/application (0.9ms)
Completed 500 Internal Server Error in 13ms

ActionView::Template::Error ('nil' is not an ActiveModel-compatible object that returns a valid partial path.):
    1: <%= render @posts %>
    2: <%= link_to 'All posts', posts_path %>
  app/views/posts/show.html.erb:1:in `_app_views_posts_show_html_erb___112873098_84726750'


  Rendered /home/ciges/.rvm/gems/ruby-1.9.3-p194/gems/actionpack-3.2.6/lib/action_dispatch/middleware/templates/rescues/_trace.erb (6.5ms)
  Rendered /home/ciges/.rvm/gems/ruby-1.9.3-p194/gems/actionpack-3.2.6/lib/action_dispatch/middleware/templates/rescues/_request_and_response.erb (1.4ms)
  Rendered /home/ciges/.rvm/gems/ruby-1.9.3-p194/gems/actionpack-3.2.6/lib/action_dispatch/middleware/templates/rescues/template_error.erb within rescues/layout (20.9ms)


Started GET "/posts/1" for 127.0.0.1 at 2012-07-13 07:26:27 +0200
Processing by PostsController#show as HTML
  Parameters: {"id"=>"1"}
  [1m[36mPost Load (0.2ms)[0m  [1mSELECT "posts".* FROM "posts" WHERE "posts"."id" = ? LIMIT 1[0m  [["id", "1"]]
  Rendered posts/_post.html.erb (1.4ms)
  Rendered posts/show.html.erb within layouts/application (6.9ms)
Completed 200 OK in 69ms (Views: 57.8ms | ActiveRecord: 0.2ms)


Started GET "/assets/application.css?body=1" for 127.0.0.1 at 2012-07-13 07:26:27 +0200
Served asset /application.css - 304 Not Modified (0ms)


Started GET "/assets/application.js?body=1" for 127.0.0.1 at 2012-07-13 07:26:27 +0200
Served asset /application.js - 304 Not Modified (1ms)


Started GET "/assets/posts.js?body=1" for 127.0.0.1 at 2012-07-13 07:26:27 +0200
Served asset /posts.js - 304 Not Modified (0ms)


Started GET "/assets/jquery_ujs.js?body=1" for 127.0.0.1 at 2012-07-13 07:26:27 +0200
Served asset /jquery_ujs.js - 304 Not Modified (0ms)


Started GET "/assets/jquery.js?body=1" for 127.0.0.1 at 2012-07-13 07:26:27 +0200
Served asset /jquery.js - 304 Not Modified (1ms)


Started GET "/assets/posts.css?body=1" for 127.0.0.1 at 2012-07-13 07:26:27 +0200
Served asset /posts.css - 304 Not Modified (0ms)


Started GET "/posts" for 127.0.0.1 at 2012-07-13 07:26:29 +0200
Processing by PostsController#index as HTML
  [1m[35mPost Load (0.9ms)[0m  SELECT "posts".* FROM "posts" 
  Rendered posts/_post.html.erb (1.4ms)
  Rendered posts/index.html.erb within layouts/application (2.2ms)
Completed 200 OK in 19ms (Views: 17.3ms | ActiveRecord: 0.9ms)


Started GET "/assets/application.css?body=1" for 127.0.0.1 at 2012-07-13 07:26:29 +0200
Served asset /application.css - 304 Not Modified (0ms)


Started GET "/assets/posts.js?body=1" for 127.0.0.1 at 2012-07-13 07:26:29 +0200
Served asset /posts.js - 304 Not Modified (0ms)


Started GET "/assets/jquery_ujs.js?body=1" for 127.0.0.1 at 2012-07-13 07:26:29 +0200
Served asset /jquery_ujs.js - 304 Not Modified (0ms)


Started GET "/assets/jquery.js?body=1" for 127.0.0.1 at 2012-07-13 07:26:29 +0200
Served asset /jquery.js - 304 Not Modified (4ms)


Started GET "/assets/application.js?body=1" for 127.0.0.1 at 2012-07-13 07:26:29 +0200
Served asset /application.js - 304 Not Modified (2ms)


Started GET "/assets/posts.css?body=1" for 127.0.0.1 at 2012-07-13 07:26:29 +0200
Served asset /posts.css - 304 Not Modified (0ms)
